0 info it worked if it ends with ok
1 verbose cli [ '/Users/rhamlin/.nvm/versions/node/v5.11.0/bin/node',
1 verbose cli   '/Users/rhamlin/.nvm/versions/node/v5.11.0/bin/npm',
1 verbose cli   'install',
1 verbose cli   'semantic-u',
1 verbose cli   '--save' ]
2 info using npm@3.8.6
3 info using node@v5.11.0
4 silly loadCurrentTree Starting
5 silly install loadCurrentTree
6 silly install readLocalPackageData
7 silly fetchPackageMetaData semantic-u
8 silly fetchNamedPackageData semantic-u
9 silly mapToRegistry name semantic-u
10 silly mapToRegistry using default registry
11 silly mapToRegistry registry https://registry.npmjs.org/
12 silly mapToRegistry data Result {
12 silly mapToRegistry   raw: 'semantic-u',
12 silly mapToRegistry   scope: null,
12 silly mapToRegistry   name: 'semantic-u',
12 silly mapToRegistry   rawSpec: '',
12 silly mapToRegistry   spec: 'latest',
12 silly mapToRegistry   type: 'tag' }
13 silly mapToRegistry uri https://registry.npmjs.org/semantic-u
14 verbose request uri https://registry.npmjs.org/semantic-u
15 verbose request no auth needed
16 info attempt registry request try #1 at 1:44:29 PM
17 verbose request id af7921ee55a91049
18 http request GET https://registry.npmjs.org/semantic-u
19 http 404 https://registry.npmjs.org/semantic-u
20 verbose headers { 'content-type': 'application/json',
20 verbose headers   'cache-control': 'max-age=0',
20 verbose headers   'content-length': '2',
20 verbose headers   'accept-ranges': 'bytes',
20 verbose headers   date: 'Tue, 10 May 2016 17:44:29 GMT',
20 verbose headers   via: '1.1 varnish',
20 verbose headers   age: '0',
20 verbose headers   connection: 'keep-alive',
20 verbose headers   'x-served-by': 'cache-atl6249-ATL',
20 verbose headers   'x-cache': 'MISS',
20 verbose headers   'x-cache-hits': '0',
20 verbose headers   'x-timer': 'S1462902269.485896,VS0,VE114',
20 verbose headers   vary: 'Accept-Encoding' }
21 silly get cb [ 404,
21 silly get   { 'content-type': 'application/json',
21 silly get     'cache-control': 'max-age=0',
21 silly get     'content-length': '2',
21 silly get     'accept-ranges': 'bytes',
21 silly get     date: 'Tue, 10 May 2016 17:44:29 GMT',
21 silly get     via: '1.1 varnish',
21 silly get     age: '0',
21 silly get     connection: 'keep-alive',
21 silly get     'x-served-by': 'cache-atl6249-ATL',
21 silly get     'x-cache': 'MISS',
21 silly get     'x-cache-hits': '0',
21 silly get     'x-timer': 'S1462902269.485896,VS0,VE114',
21 silly get     vary: 'Accept-Encoding' } ]
22 silly fetchPackageMetaData Error: Registry returned 404 for GET on https://registry.npmjs.org/semantic-u
22 silly fetchPackageMetaData     at makeError (/Users/rhamlin/.nvm/versions/node/v5.11.0/lib/node_modules/npm/node_modules/npm-registry-client/lib/request.js:264:12)
22 silly fetchPackageMetaData     at CachingRegistryClient.<anonymous> (/Users/rhamlin/.nvm/versions/node/v5.11.0/lib/node_modules/npm/node_modules/npm-registry-client/lib/request.js:242:14)
22 silly fetchPackageMetaData     at Request._callback (/Users/rhamlin/.nvm/versions/node/v5.11.0/lib/node_modules/npm/node_modules/npm-registry-client/lib/request.js:172:14)
22 silly fetchPackageMetaData     at Request.self.callback (/Users/rhamlin/.nvm/versions/node/v5.11.0/lib/node_modules/npm/node_modules/request/request.js:199:22)
22 silly fetchPackageMetaData     at emitTwo (events.js:100:13)
22 silly fetchPackageMetaData     at Request.emit (events.js:185:7)
22 silly fetchPackageMetaData     at Request.<anonymous> (/Users/rhamlin/.nvm/versions/node/v5.11.0/lib/node_modules/npm/node_modules/request/request.js:1036:10)
22 silly fetchPackageMetaData     at emitOne (events.js:95:20)
22 silly fetchPackageMetaData     at Request.emit (events.js:182:7)
22 silly fetchPackageMetaData     at IncomingMessage.<anonymous> (/Users/rhamlin/.nvm/versions/node/v5.11.0/lib/node_modules/npm/node_modules/request/request.js:963:12)
22 silly fetchPackageMetaData  error for semantic-u { [Error: Registry returned 404 for GET on https://registry.npmjs.org/semantic-u] pkgid: 'semantic-u', statusCode: 404, code: 'E404' }
23 silly rollbackFailedOptional Starting
24 silly rollbackFailedOptional Finishing
25 silly runTopLevelLifecycles Starting
26 silly runTopLevelLifecycles Finishing
27 silly install printInstalled
28 verbose stack Error: Registry returned 404 for GET on https://registry.npmjs.org/semantic-u
28 verbose stack     at makeError (/Users/rhamlin/.nvm/versions/node/v5.11.0/lib/node_modules/npm/node_modules/npm-registry-client/lib/request.js:264:12)
28 verbose stack     at CachingRegistryClient.<anonymous> (/Users/rhamlin/.nvm/versions/node/v5.11.0/lib/node_modules/npm/node_modules/npm-registry-client/lib/request.js:242:14)
28 verbose stack     at Request._callback (/Users/rhamlin/.nvm/versions/node/v5.11.0/lib/node_modules/npm/node_modules/npm-registry-client/lib/request.js:172:14)
28 verbose stack     at Request.self.callback (/Users/rhamlin/.nvm/versions/node/v5.11.0/lib/node_modules/npm/node_modules/request/request.js:199:22)
28 verbose stack     at emitTwo (events.js:100:13)
28 verbose stack     at Request.emit (events.js:185:7)
28 verbose stack     at Request.<anonymous> (/Users/rhamlin/.nvm/versions/node/v5.11.0/lib/node_modules/npm/node_modules/request/request.js:1036:10)
28 verbose stack     at emitOne (events.js:95:20)
28 verbose stack     at Request.emit (events.js:182:7)
28 verbose stack     at IncomingMessage.<anonymous> (/Users/rhamlin/.nvm/versions/node/v5.11.0/lib/node_modules/npm/node_modules/request/request.js:963:12)
29 verbose statusCode 404
30 verbose pkgid semantic-u
31 verbose cwd /Users/rhamlin/Project_3
32 error Darwin 15.4.0
33 error argv "/Users/rhamlin/.nvm/versions/node/v5.11.0/bin/node" "/Users/rhamlin/.nvm/versions/node/v5.11.0/bin/npm" "install" "semantic-u" "--save"
34 error node v5.11.0
35 error npm  v3.8.6
36 error code E404
37 error 404 Registry returned 404 for GET on https://registry.npmjs.org/semantic-u
38 error 404
39 error 404 'semantic-u' is not in the npm registry.
40 error 404 You should bug the author to publish it (or use the name yourself!)
41 error 404 Note that you can also install from a
42 error 404 tarball, folder, http url, or git url.
43 verbose exit [ 1, true ]
